""2023-02-11 18:20:36" - |INFO| - [tb_gateway_service.py] - tb_gateway_service - __init__ - 178 - Gateway starting..."
""2023-02-11 18:20:36" - |INFO| - [tb_gateway_service.py] - tb_gateway_service - __init__ - 183 - ThingsBoard IoT gateway version: 3.2"
""2023-02-11 18:20:36" - |INFO| - [tb_loader.py] - tb_loader - import_module - 68 - Import GrpcMqttConnector from /home/viet/Desktop/Gateway-Viet/thingsboard-gateway/thingsboard_gateway/grpc_connectors/mqtt."
""2023-02-11 18:20:36" - |INFO| - [tb_loader.py] - tb_loader - import_module - 68 - Import MqttConnector from /home/viet/Desktop/Gateway-Viet/thingsboard-gateway/thingsboard_gateway/connectors/mqtt."
""2023-02-11 18:20:36" - |INFO| - [tb_gateway_service.py] - tb_gateway_service - __init__ - 298 - Gateway started."
""2023-02-11 18:20:36" - |INFO| - [tb_loader.py] - tb_loader - import_module - 68 - Import JsonMqttUplinkConverter from /home/viet/Desktop/Gateway-Viet/thingsboard-gateway/thingsboard_gateway/connectors/mqtt."
""2023-02-11 18:20:36" - |INFO| - [tb_loader.py] - tb_loader - import_module - 68 - Import BytesMqttUplinkConverter from /home/viet/Desktop/Gateway-Viet/thingsboard-gateway/thingsboard_gateway/connectors/mqtt."
""2023-02-11 18:20:36" - |INFO| - [tb_loader.py] - tb_loader - import_module - 68 - Import CustomMqttUplinkConverter from /home/viet/Desktop/Gateway-Viet/thingsboard-gateway/thingsboard_gateway/extensions/mqtt."
""2023-02-11 18:20:38" - |INFO| - [tb_updater.py] - tb_updater - check_for_new_version - 86 - v3.2"
""2023-02-11 18:20:38" - |INFO| - [tb_updater.py] - tb_updater - check_for_new_version - 88 - 

[===UPDATE===]

 New version v3.2 is available! 

[===UPDATE===]
"
""2023-02-11 18:20:54" - |INFO| - [tb_gateway_service.py] - tb_gateway_service - __stop_gateway - 414 - Stopping..."
""2023-02-11 18:20:54" - |INFO| - [tb_gateway_service.py] - tb_gateway_service - __stop_gateway - 423 - The gateway has been stopped."
""2023-02-11 18:22:37" - |INFO| - [tb_gateway_service.py] - tb_gateway_service - __init__ - 178 - Gateway starting..."
""2023-02-11 18:22:37" - |INFO| - [tb_gateway_service.py] - tb_gateway_service - __init__ - 183 - ThingsBoard IoT gateway version: 3.2"
""2023-02-11 18:22:37" - |INFO| - [tb_loader.py] - tb_loader - import_module - 68 - Import GrpcMqttConnector from /home/viet/Desktop/Gateway-Viet/thingsboard-gateway/thingsboard_gateway/grpc_connectors/mqtt."
""2023-02-11 18:22:37" - |INFO| - [tb_loader.py] - tb_loader - import_module - 68 - Import MqttConnector from /home/viet/Desktop/Gateway-Viet/thingsboard-gateway/thingsboard_gateway/connectors/mqtt."
""2023-02-11 18:22:37" - |INFO| - [tb_gateway_service.py] - tb_gateway_service - __init__ - 298 - Gateway started."
""2023-02-11 18:22:37" - |INFO| - [tb_loader.py] - tb_loader - import_module - 68 - Import JsonMqttUplinkConverter from /home/viet/Desktop/Gateway-Viet/thingsboard-gateway/thingsboard_gateway/connectors/mqtt."
""2023-02-11 18:22:37" - |INFO| - [tb_loader.py] - tb_loader - import_module - 68 - Import BytesMqttUplinkConverter from /home/viet/Desktop/Gateway-Viet/thingsboard-gateway/thingsboard_gateway/connectors/mqtt."
""2023-02-11 18:22:37" - |INFO| - [tb_loader.py] - tb_loader - import_module - 68 - Import CustomMqttUplinkConverter from /home/viet/Desktop/Gateway-Viet/thingsboard-gateway/thingsboard_gateway/extensions/mqtt."
""2023-02-11 18:22:39" - |INFO| - [tb_updater.py] - tb_updater - check_for_new_version - 86 - v3.2"
""2023-02-11 18:22:39" - |INFO| - [tb_updater.py] - tb_updater - check_for_new_version - 88 - 

[===UPDATE===]

 New version v3.2 is available! 

[===UPDATE===]
"
""2023-02-11 18:22:46" - |INFO| - [tb_gateway_service.py] - tb_gateway_service - __stop_gateway - 414 - Stopping..."
""2023-02-11 18:22:46" - |INFO| - [tb_gateway_service.py] - tb_gateway_service - __stop_gateway - 423 - The gateway has been stopped."
""2023-02-11 18:22:49" - |INFO| - [tb_gateway_service.py] - tb_gateway_service - __init__ - 178 - Gateway starting..."
""2023-02-11 18:22:49" - |INFO| - [tb_gateway_service.py] - tb_gateway_service - __init__ - 183 - ThingsBoard IoT gateway version: 3.2"
""2023-02-11 18:22:49" - |INFO| - [tb_loader.py] - tb_loader - import_module - 68 - Import GrpcMqttConnector from /home/viet/Desktop/Gateway-Viet/thingsboard-gateway/thingsboard_gateway/grpc_connectors/mqtt."
""2023-02-11 18:22:49" - |INFO| - [tb_loader.py] - tb_loader - import_module - 68 - Import MqttConnector from /home/viet/Desktop/Gateway-Viet/thingsboard-gateway/thingsboard_gateway/connectors/mqtt."
""2023-02-11 18:22:49" - |INFO| - [tb_gateway_service.py] - tb_gateway_service - __init__ - 298 - Gateway started."
""2023-02-11 18:22:49" - |INFO| - [tb_loader.py] - tb_loader - import_module - 68 - Import JsonMqttUplinkConverter from /home/viet/Desktop/Gateway-Viet/thingsboard-gateway/thingsboard_gateway/connectors/mqtt."
""2023-02-11 18:22:49" - |INFO| - [tb_loader.py] - tb_loader - import_module - 68 - Import BytesMqttUplinkConverter from /home/viet/Desktop/Gateway-Viet/thingsboard-gateway/thingsboard_gateway/connectors/mqtt."
""2023-02-11 18:22:49" - |INFO| - [tb_loader.py] - tb_loader - import_module - 68 - Import CustomMqttUplinkConverter from /home/viet/Desktop/Gateway-Viet/thingsboard-gateway/thingsboard_gateway/extensions/mqtt."
""2023-02-11 18:22:51" - |INFO| - [tb_updater.py] - tb_updater - check_for_new_version - 86 - v3.2"
""2023-02-11 18:22:51" - |INFO| - [tb_updater.py] - tb_updater - check_for_new_version - 88 - 

[===UPDATE===]

 New version v3.2 is available! 

[===UPDATE===]
"
""2023-02-11 18:35:59" - |INFO| - [tb_gateway_service.py] - tb_gateway_service - __stop_gateway - 414 - Stopping..."
""2023-02-11 18:35:59" - |INFO| - [tb_gateway_service.py] - tb_gateway_service - __stop_gateway - 423 - The gateway has been stopped."
""2023-02-11 18:36:00" - |INFO| - [tb_gateway_service.py] - tb_gateway_service - __init__ - 178 - Gateway starting..."
""2023-02-11 18:36:00" - |INFO| - [tb_gateway_service.py] - tb_gateway_service - __init__ - 183 - ThingsBoard IoT gateway version: 3.2"
""2023-02-11 18:36:00" - |INFO| - [tb_loader.py] - tb_loader - import_module - 68 - Import GrpcMqttConnector from /home/viet/Desktop/Gateway-Viet/thingsboard-gateway/thingsboard_gateway/grpc_connectors/mqtt."
""2023-02-11 18:36:00" - |INFO| - [tb_loader.py] - tb_loader - import_module - 68 - Import MqttConnector from /home/viet/Desktop/Gateway-Viet/thingsboard-gateway/thingsboard_gateway/connectors/mqtt."
""2023-02-11 18:36:00" - |INFO| - [tb_gateway_service.py] - tb_gateway_service - __init__ - 298 - Gateway started."
""2023-02-11 18:36:00" - |INFO| - [tb_loader.py] - tb_loader - import_module - 68 - Import JsonMqttUplinkConverter from /home/viet/Desktop/Gateway-Viet/thingsboard-gateway/thingsboard_gateway/connectors/mqtt."
""2023-02-11 18:36:00" - |INFO| - [tb_loader.py] - tb_loader - import_module - 68 - Import BytesMqttUplinkConverter from /home/viet/Desktop/Gateway-Viet/thingsboard-gateway/thingsboard_gateway/connectors/mqtt."
""2023-02-11 18:36:00" - |INFO| - [tb_loader.py] - tb_loader - import_module - 68 - Import CustomMqttUplinkConverter from /home/viet/Desktop/Gateway-Viet/thingsboard-gateway/thingsboard_gateway/extensions/mqtt."
""2023-02-11 18:36:02" - |INFO| - [tb_updater.py] - tb_updater - check_for_new_version - 86 - v3.2"
""2023-02-11 18:36:02" - |INFO| - [tb_updater.py] - tb_updater - check_for_new_version - 88 - 

[===UPDATE===]

 New version v3.2 is available! 

[===UPDATE===]
"
""2023-02-11 18:38:11" - |INFO| - [tb_gateway_service.py] - tb_gateway_service - __stop_gateway - 414 - Stopping..."
""2023-02-11 18:38:11" - |INFO| - [tb_gateway_service.py] - tb_gateway_service - __stop_gateway - 423 - The gateway has been stopped."
""2023-02-11 18:39:09" - |INFO| - [tb_gateway_service.py] - tb_gateway_service - __init__ - 178 - Gateway starting..."
""2023-02-11 18:39:09" - |INFO| - [tb_gateway_service.py] - tb_gateway_service - __init__ - 183 - ThingsBoard IoT gateway version: 3.2"
""2023-02-11 18:39:09" - |INFO| - [tb_loader.py] - tb_loader - import_module - 68 - Import GrpcMqttConnector from /home/viet/Desktop/Gateway-Viet/thingsboard-gateway/thingsboard_gateway/grpc_connectors/mqtt."
""2023-02-11 18:39:09" - |INFO| - [tb_loader.py] - tb_loader - import_module - 68 - Import MqttConnector from /home/viet/Desktop/Gateway-Viet/thingsboard-gateway/thingsboard_gateway/connectors/mqtt."
""2023-02-11 18:39:09" - |INFO| - [tb_gateway_service.py] - tb_gateway_service - __init__ - 298 - Gateway started."
""2023-02-11 18:39:09" - |INFO| - [tb_loader.py] - tb_loader - import_module - 68 - Import JsonMqttUplinkConverter from /home/viet/Desktop/Gateway-Viet/thingsboard-gateway/thingsboard_gateway/connectors/mqtt."
""2023-02-11 18:39:09" - |INFO| - [tb_loader.py] - tb_loader - import_module - 68 - Import BytesMqttUplinkConverter from /home/viet/Desktop/Gateway-Viet/thingsboard-gateway/thingsboard_gateway/connectors/mqtt."
""2023-02-11 18:39:09" - |INFO| - [tb_loader.py] - tb_loader - import_module - 68 - Import CustomMqttUplinkConverter from /home/viet/Desktop/Gateway-Viet/thingsboard-gateway/thingsboard_gateway/extensions/mqtt."
""2023-02-11 18:39:10" - |INFO| - [tb_updater.py] - tb_updater - check_for_new_version - 86 - v3.2"
""2023-02-11 18:39:10" - |INFO| - [tb_updater.py] - tb_updater - check_for_new_version - 88 - 

[===UPDATE===]

 New version v3.2 is available! 

[===UPDATE===]
"
""2023-02-11 18:41:40" - |INFO| - [tb_gateway_service.py] - tb_gateway_service - rpc_with_reply_processing - 1097 - Outgoing RPC. Device: Group-Led-1, ID: 548"
""2023-02-11 18:44:00" - |INFO| - [tb_gateway_service.py] - tb_gateway_service - __stop_gateway - 414 - Stopping..."
""2023-02-11 18:44:00" - |INFO| - [tb_gateway_service.py] - tb_gateway_service - __stop_gateway - 423 - The gateway has been stopped."
""2023-02-11 18:51:44" - |INFO| - [tb_gateway_service.py] - tb_gateway_service - __init__ - 178 - Gateway starting..."
""2023-02-11 18:51:44" - |INFO| - [tb_gateway_service.py] - tb_gateway_service - __init__ - 183 - ThingsBoard IoT gateway version: 3.2"
""2023-02-11 18:51:44" - |INFO| - [tb_loader.py] - tb_loader - import_module - 68 - Import GrpcMqttConnector from /home/viet/Desktop/Gateway-Viet/thingsboard-gateway/thingsboard_gateway/grpc_connectors/mqtt."
""2023-02-11 18:51:44" - |INFO| - [tb_loader.py] - tb_loader - import_module - 68 - Import MqttConnector from /home/viet/Desktop/Gateway-Viet/thingsboard-gateway/thingsboard_gateway/connectors/mqtt."
""2023-02-11 18:51:44" - |INFO| - [tb_gateway_service.py] - tb_gateway_service - __init__ - 298 - Gateway started."
""2023-02-11 18:51:44" - |INFO| - [tb_loader.py] - tb_loader - import_module - 68 - Import JsonMqttUplinkConverter from /home/viet/Desktop/Gateway-Viet/thingsboard-gateway/thingsboard_gateway/connectors/mqtt."
""2023-02-11 18:51:44" - |INFO| - [tb_loader.py] - tb_loader - import_module - 68 - Import BytesMqttUplinkConverter from /home/viet/Desktop/Gateway-Viet/thingsboard-gateway/thingsboard_gateway/connectors/mqtt."
""2023-02-11 18:51:44" - |INFO| - [tb_loader.py] - tb_loader - import_module - 68 - Import CustomMqttUplinkConverter from /home/viet/Desktop/Gateway-Viet/thingsboard-gateway/thingsboard_gateway/extensions/mqtt."
""2023-02-11 18:51:45" - |INFO| - [tb_updater.py] - tb_updater - check_for_new_version - 86 - v3.2"
""2023-02-11 18:51:45" - |INFO| - [tb_updater.py] - tb_updater - check_for_new_version - 88 - 

[===UPDATE===]

 New version v3.2 is available! 

[===UPDATE===]
"
""2023-02-11 18:51:47" - |INFO| - [tb_gateway_service.py] - tb_gateway_service - __stop_gateway - 414 - Stopping..."
""2023-02-11 18:51:47" - |INFO| - [tb_gateway_service.py] - tb_gateway_service - __stop_gateway - 423 - The gateway has been stopped."
""2023-02-11 19:26:11" - |INFO| - [tb_gateway_service.py] - tb_gateway_service - __init__ - 178 - Gateway starting..."
""2023-02-11 19:26:11" - |INFO| - [tb_gateway_service.py] - tb_gateway_service - __init__ - 183 - ThingsBoard IoT gateway version: 3.2"
""2023-02-11 19:26:11" - |INFO| - [tb_loader.py] - tb_loader - import_module - 68 - Import GrpcMqttConnector from /home/viet/Desktop/Gateway-Viet/thingsboard-gateway/thingsboard_gateway/grpc_connectors/mqtt."
""2023-02-11 19:26:11" - |INFO| - [tb_loader.py] - tb_loader - import_module - 68 - Import MqttConnector from /home/viet/Desktop/Gateway-Viet/thingsboard-gateway/thingsboard_gateway/connectors/mqtt."
""2023-02-11 19:26:11" - |INFO| - [tb_gateway_service.py] - tb_gateway_service - __init__ - 298 - Gateway started."
""2023-02-11 19:26:11" - |INFO| - [tb_loader.py] - tb_loader - import_module - 68 - Import JsonMqttUplinkConverter from /home/viet/Desktop/Gateway-Viet/thingsboard-gateway/thingsboard_gateway/connectors/mqtt."
""2023-02-11 19:26:11" - |INFO| - [tb_loader.py] - tb_loader - import_module - 68 - Import BytesMqttUplinkConverter from /home/viet/Desktop/Gateway-Viet/thingsboard-gateway/thingsboard_gateway/connectors/mqtt."
""2023-02-11 19:26:11" - |INFO| - [tb_loader.py] - tb_loader - import_module - 68 - Import CustomMqttUplinkConverter from /home/viet/Desktop/Gateway-Viet/thingsboard-gateway/thingsboard_gateway/extensions/mqtt."
""2023-02-11 19:26:15" - |INFO| - [tb_updater.py] - tb_updater - check_for_new_version - 86 - v3.2"
""2023-02-11 19:26:15" - |INFO| - [tb_updater.py] - tb_updater - check_for_new_version - 88 - 

[===UPDATE===]

 New version v3.2 is available! 

[===UPDATE===]
"
""2023-02-11 19:28:53" - |INFO| - [tb_gateway_service.py] - tb_gateway_service - __stop_gateway - 414 - Stopping..."
""2023-02-11 19:28:53" - |INFO| - [tb_gateway_service.py] - tb_gateway_service - __stop_gateway - 423 - The gateway has been stopped."
""2023-02-11 19:29:22" - |INFO| - [tb_gateway_service.py] - tb_gateway_service - __init__ - 178 - Gateway starting..."
""2023-02-11 19:29:22" - |INFO| - [tb_gateway_service.py] - tb_gateway_service - __init__ - 183 - ThingsBoard IoT gateway version: 3.2"
""2023-02-11 19:29:22" - |INFO| - [tb_loader.py] - tb_loader - import_module - 68 - Import GrpcMqttConnector from /home/viet/Desktop/Gateway-Viet/thingsboard-gateway/thingsboard_gateway/grpc_connectors/mqtt."
""2023-02-11 19:29:22" - |INFO| - [tb_loader.py] - tb_loader - import_module - 68 - Import MqttConnector from /home/viet/Desktop/Gateway-Viet/thingsboard-gateway/thingsboard_gateway/connectors/mqtt."
""2023-02-11 19:29:22" - |INFO| - [tb_loader.py] - tb_loader - import_module - 68 - Import JsonMqttUplinkConverter from /home/viet/Desktop/Gateway-Viet/thingsboard-gateway/thingsboard_gateway/connectors/mqtt."
""2023-02-11 19:29:22" - |INFO| - [tb_gateway_service.py] - tb_gateway_service - __init__ - 298 - Gateway started."
""2023-02-11 19:29:22" - |INFO| - [tb_loader.py] - tb_loader - import_module - 68 - Import BytesMqttUplinkConverter from /home/viet/Desktop/Gateway-Viet/thingsboard-gateway/thingsboard_gateway/connectors/mqtt."
""2023-02-11 19:29:22" - |INFO| - [tb_loader.py] - tb_loader - import_module - 68 - Import CustomMqttUplinkConverter from /home/viet/Desktop/Gateway-Viet/thingsboard-gateway/thingsboard_gateway/extensions/mqtt."
""2023-02-11 19:29:24" - |INFO| - [tb_updater.py] - tb_updater - check_for_new_version - 86 - v3.2"
""2023-02-11 19:29:24" - |INFO| - [tb_updater.py] - tb_updater - check_for_new_version - 88 - 

[===UPDATE===]

 New version v3.2 is available! 

[===UPDATE===]
"
""2023-02-11 19:29:40" - |INFO| - [tb_gateway_service.py] - tb_gateway_service - rpc_with_reply_processing - 1097 - Outgoing RPC. Device: Group-Led-1, ID: 4"
""2023-02-11 19:29:42" - |INFO| - [tb_gateway_service.py] - tb_gateway_service - rpc_with_reply_processing - 1097 - Outgoing RPC. Device: Group-Led-1, ID: 5"
""2023-02-11 19:29:43" - |INFO| - [tb_gateway_service.py] - tb_gateway_service - rpc_with_reply_processing - 1097 - Outgoing RPC. Device: Group-Led-1, ID: 6"
""2023-02-11 19:29:44" - |INFO| - [tb_gateway_service.py] - tb_gateway_service - rpc_with_reply_processing - 1097 - Outgoing RPC. Device: Group-Led-1, ID: 7"
""2023-02-11 19:29:45" - |INFO| - [tb_gateway_service.py] - tb_gateway_service - rpc_with_reply_processing - 1097 - Outgoing RPC. Device: Group-Led-1, ID: 8"
""2023-02-11 19:29:46" - |INFO| - [tb_gateway_service.py] - tb_gateway_service - rpc_with_reply_processing - 1097 - Outgoing RPC. Device: Group-Led-1, ID: 9"
""2023-02-11 19:29:47" - |INFO| - [tb_gateway_service.py] - tb_gateway_service - rpc_with_reply_processing - 1097 - Outgoing RPC. Device: Group-Led-1, ID: 10"
""2023-02-11 19:29:47" - |INFO| - [tb_gateway_service.py] - tb_gateway_service - rpc_with_reply_processing - 1097 - Outgoing RPC. Device: Group-Led-1, ID: 11"
""2023-02-11 19:30:33" - |INFO| - [tb_gateway_service.py] - tb_gateway_service - rpc_with_reply_processing - 1097 - Outgoing RPC. Device: Group-Led-1, ID: 13"
""2023-02-11 19:30:35" - |INFO| - [tb_gateway_service.py] - tb_gateway_service - rpc_with_reply_processing - 1097 - Outgoing RPC. Device: Group-Led-1, ID: 14"
""2023-02-11 19:30:36" - |INFO| - [tb_gateway_service.py] - tb_gateway_service - rpc_with_reply_processing - 1097 - Outgoing RPC. Device: Group-Led-1, ID: 15"
""2023-02-11 19:31:32" - |INFO| - [tb_gateway_service.py] - tb_gateway_service - rpc_with_reply_processing - 1097 - Outgoing RPC. Device: Group-Led-1, ID: 17"
""2023-02-11 19:31:33" - |INFO| - [tb_gateway_service.py] - tb_gateway_service - rpc_with_reply_processing - 1097 - Outgoing RPC. Device: Group-Led-1, ID: 18"
""2023-02-11 20:20:17" - |INFO| - [tb_gateway_service.py] - tb_gateway_service - __stop_gateway - 414 - Stopping..."
""2023-02-11 20:20:17" - |INFO| - [tb_gateway_service.py] - tb_gateway_service - __stop_gateway - 423 - The gateway has been stopped."
""2023-02-11 20:20:19" - |INFO| - [tb_gateway_service.py] - tb_gateway_service - __init__ - 178 - Gateway starting..."
""2023-02-11 20:20:19" - |INFO| - [tb_gateway_service.py] - tb_gateway_service - __init__ - 183 - ThingsBoard IoT gateway version: 3.2"
""2023-02-11 20:20:19" - |INFO| - [tb_loader.py] - tb_loader - import_module - 68 - Import GrpcMqttConnector from /home/viet/Desktop/Gateway-Viet/thingsboard-gateway/thingsboard_gateway/grpc_connectors/mqtt."
""2023-02-11 20:20:19" - |INFO| - [tb_loader.py] - tb_loader - import_module - 68 - Import MqttConnector from /home/viet/Desktop/Gateway-Viet/thingsboard-gateway/thingsboard_gateway/connectors/mqtt."
""2023-02-11 20:20:19" - |INFO| - [tb_loader.py] - tb_loader - import_module - 68 - Import JsonMqttUplinkConverter from /home/viet/Desktop/Gateway-Viet/thingsboard-gateway/thingsboard_gateway/connectors/mqtt."
""2023-02-11 20:20:19" - |INFO| - [tb_loader.py] - tb_loader - import_module - 68 - Import BytesMqttUplinkConverter from /home/viet/Desktop/Gateway-Viet/thingsboard-gateway/thingsboard_gateway/connectors/mqtt."
""2023-02-11 20:20:19" - |INFO| - [tb_loader.py] - tb_loader - import_module - 68 - Import CustomMqttUplinkConverter from /home/viet/Desktop/Gateway-Viet/thingsboard-gateway/thingsboard_gateway/extensions/mqtt."
""2023-02-11 20:20:19" - |INFO| - [tb_gateway_service.py] - tb_gateway_service - __init__ - 298 - Gateway started."
""2023-02-11 20:20:26" - |ERROR| - [tb_updater.py] - tb_updater - check_for_new_version - 95 - HTTPSConnectionPool(host='updates.thingsboard.io', port=443): Read timed out. (read timeout=5)"
Traceback (most recent call last):
  File "/usr/lib/python3/dist-packages/urllib3/connectionpool.py", line 445, in _make_request
    six.raise_from(e, None)
  File "<string>", line 3, in raise_from
  File "/usr/lib/python3/dist-packages/urllib3/connectionpool.py", line 440, in _make_request
    httplib_response = conn.getresponse()
  File "/usr/lib/python3.10/http/client.py", line 1374, in getresponse
    response.begin()
  File "/usr/lib/python3.10/http/client.py", line 318, in begin
    version, status, reason = self._read_status()
  File "/usr/lib/python3.10/http/client.py", line 279, in _read_status
    line = str(self.fp.readline(_MAXLINE + 1), "iso-8859-1")
  File "/usr/lib/python3.10/socket.py", line 705, in readinto
    return self._sock.recv_into(b)
  File "/usr/lib/python3.10/ssl.py", line 1274, in recv_into
    return self.read(nbytes, buffer)
  File "/usr/lib/python3.10/ssl.py", line 1130, in read
    return self._sslobj.read(len, buffer)
TimeoutError: The read operation timed out

During handling of the above exception, another exception occurred:

Traceback (most recent call last):
  File "/usr/lib/python3/dist-packages/requests/adapters.py", line 439, in send
    resp = conn.urlopen(
  File "/usr/lib/python3/dist-packages/urllib3/connectionpool.py", line 755, in urlopen
    retries = retries.increment(
  File "/usr/lib/python3/dist-packages/urllib3/util/retry.py", line 532, in increment
    raise six.reraise(type(error), error, _stacktrace)
  File "/usr/lib/python3/dist-packages/six.py", line 719, in reraise
    raise value
  File "/usr/lib/python3/dist-packages/urllib3/connectionpool.py", line 699, in urlopen
    httplib_response = self._make_request(
  File "/usr/lib/python3/dist-packages/urllib3/connectionpool.py", line 447, in _make_request
    self._raise_timeout(err=e, url=url, timeout_value=read_timeout)
  File "/usr/lib/python3/dist-packages/urllib3/connectionpool.py", line 336, in _raise_timeout
    raise ReadTimeoutError(
urllib3.exceptions.ReadTimeoutError: HTTPSConnectionPool(host='updates.thingsboard.io', port=443): Read timed out. (read timeout=5)

During handling of the above exception, another exception occurred:

Traceback (most recent call last):
  File "/home/viet/Desktop/Gateway-Viet/thingsboard-gateway/thingsboard_gateway/tb_utility/tb_updater.py", line 80, in check_for_new_version
    response = post(**request_args)
  File "/usr/lib/python3/dist-packages/requests/api.py", line 119, in post
    return request('post', url, data=data, json=json, **kwargs)
  File "/usr/lib/python3/dist-packages/requests/api.py", line 61, in request
    return session.request(method=method, url=url, **kwargs)
  File "/usr/lib/python3/dist-packages/requests/sessions.py", line 542, in request
    resp = self.send(prep, **send_kwargs)
  File "/usr/lib/python3/dist-packages/requests/sessions.py", line 655, in send
    r = adapter.send(request, **kwargs)
  File "/usr/lib/python3/dist-packages/requests/adapters.py", line 529, in send
    raise ReadTimeout(e, request=request)
requests.exceptions.ReadTimeout: HTTPSConnectionPool(host='updates.thingsboard.io', port=443): Read timed out. (read timeout=5)
""2023-02-11 20:20:34" - |INFO| - [tb_gateway_service.py] - tb_gateway_service - rpc_with_reply_processing - 1097 - Outgoing RPC. Device: Group-Led-1, ID: 4"
""2023-02-11 20:20:36" - |INFO| - [tb_gateway_service.py] - tb_gateway_service - rpc_with_reply_processing - 1097 - Outgoing RPC. Device: Group-Led-1, ID: 5"
""2023-02-11 20:20:37" - |INFO| - [tb_gateway_service.py] - tb_gateway_service - rpc_with_reply_processing - 1097 - Outgoing RPC. Device: Group-Led-1, ID: 6"
""2023-02-11 20:20:39" - |INFO| - [tb_gateway_service.py] - tb_gateway_service - rpc_with_reply_processing - 1097 - Outgoing RPC. Device: Group-Led-1, ID: 7"
""2023-02-11 20:20:41" - |INFO| - [tb_gateway_service.py] - tb_gateway_service - rpc_with_reply_processing - 1097 - Outgoing RPC. Device: Group-Led-1, ID: 8"
""2023-02-11 20:20:42" - |INFO| - [tb_gateway_service.py] - tb_gateway_service - rpc_with_reply_processing - 1097 - Outgoing RPC. Device: Group-Led-1, ID: 9"
""2023-02-11 20:21:16" - |INFO| - [tb_gateway_service.py] - tb_gateway_service - rpc_with_reply_processing - 1097 - Outgoing RPC. Device: Group-Led-1, ID: 10"
""2023-02-11 20:21:17" - |INFO| - [tb_gateway_service.py] - tb_gateway_service - rpc_with_reply_processing - 1097 - Outgoing RPC. Device: Group-Led-1, ID: 11"
""2023-02-11 20:21:57" - |INFO| - [tb_gateway_service.py] - tb_gateway_service - rpc_with_reply_processing - 1097 - Outgoing RPC. Device: Group-Led-2, ID: 0"
""2023-02-11 20:21:58" - |INFO| - [tb_gateway_service.py] - tb_gateway_service - rpc_with_reply_processing - 1097 - Outgoing RPC. Device: Group-Led-2, ID: 1"
""2023-02-11 20:21:59" - |INFO| - [tb_gateway_service.py] - tb_gateway_service - rpc_with_reply_processing - 1097 - Outgoing RPC. Device: Group-Led-2, ID: 2"
""2023-02-11 20:22:02" - |INFO| - [tb_gateway_service.py] - tb_gateway_service - rpc_with_reply_processing - 1097 - Outgoing RPC. Device: Group-Led-1, ID: 13"
""2023-02-11 20:22:03" - |INFO| - [tb_gateway_service.py] - tb_gateway_service - rpc_with_reply_processing - 1097 - Outgoing RPC. Device: Group-Led-1, ID: 14"
""2023-02-11 20:22:07" - |INFO| - [tb_gateway_service.py] - tb_gateway_service - rpc_with_reply_processing - 1097 - Outgoing RPC. Device: Group-Led-1, ID: 15"
""2023-02-11 20:22:52" - |INFO| - [tb_gateway_service.py] - tb_gateway_service - rpc_with_reply_processing - 1097 - Outgoing RPC. Device: Group-Led-1, ID: 16"
""2023-02-11 20:23:14" - |INFO| - [tb_gateway_service.py] - tb_gateway_service - rpc_with_reply_processing - 1097 - Outgoing RPC. Device: Group-Led-1, ID: 18"
""2023-02-11 20:23:19" - |INFO| - [tb_gateway_service.py] - tb_gateway_service - rpc_with_reply_processing - 1097 - Outgoing RPC. Device: Group-Led-1, ID: 19"
""2023-02-11 20:23:27" - |INFO| - [tb_gateway_service.py] - tb_gateway_service - rpc_with_reply_processing - 1097 - Outgoing RPC. Device: Group-Led-1, ID: 20"
""2023-02-11 20:23:32" - |INFO| - [tb_gateway_service.py] - tb_gateway_service - rpc_with_reply_processing - 1097 - Outgoing RPC. Device: Group-Led-2, ID: 3"
""2023-02-11 20:23:38" - |INFO| - [tb_gateway_service.py] - tb_gateway_service - rpc_with_reply_processing - 1097 - Outgoing RPC. Device: Group-Led-2, ID: 4"
""2023-02-11 20:23:59" - |INFO| - [tb_gateway_service.py] - tb_gateway_service - rpc_with_reply_processing - 1097 - Outgoing RPC. Device: Group-Led-2, ID: 5"
""2023-02-11 20:24:09" - |INFO| - [tb_gateway_service.py] - tb_gateway_service - rpc_with_reply_processing - 1097 - Outgoing RPC. Device: Group-Led-2, ID: 6"
""2023-02-11 20:24:18" - |INFO| - [tb_gateway_service.py] - tb_gateway_service - rpc_with_reply_processing - 1097 - Outgoing RPC. Device: Group-Led-1, ID: 21"
""2023-02-11 20:24:22" - |INFO| - [tb_gateway_service.py] - tb_gateway_service - rpc_with_reply_processing - 1097 - Outgoing RPC. Device: Group-Led-1, ID: 22"
